This file contains any messages produced by compilers while
running configure, to aid debugging if configure makes a mistake.

It was created by hypre configure 2.10.1, which was
generated by GNU Autoconf 2.63.  Invocation command line was

  $ ./configure 

## --------- ##
## Platform. ##
## --------- ##

hostname = labuser-Precision-T1700
uname -m = x86_64
uname -r = 4.2.0-16-generic
uname -s = Linux
uname -v = #19-Ubuntu SMP Thu Oct 8 15:35:06 UTC 2015

/usr/bin/uname -p = unknown
/bin/uname -X     = unknown

/bin/arch              = unknown
/usr/bin/arch -k       = unknown
/usr/convex/getsysinfo = unknown
/usr/bin/hostinfo      = unknown
/bin/machine           = unknown
/usr/bin/oslevel       = unknown
/bin/universe          = unknown

PATH: /usr/local/sbin
PATH: /usr/local/bin
PATH: /usr/sbin
PATH: /usr/bin
PATH: /sbin
PATH: /bin
PATH: /usr/games
PATH: /usr/local/games


## ----------- ##
## Core tests. ##
## ----------- ##

configure:2094: checking build system type
configure:2112: result: x86_64-unknown-linux-gnu
configure:2138: checking host system type
configure:2153: result: x86_64-unknown-linux-gnu
configure:3065: checking for mpxlc
configure:3095: result: no
configure:3065: checking for mpixlc
configure:3095: result: no
configure:3065: checking for mpiicc
configure:3095: result: no
configure:3065: checking for mpicc
configure:3081: found /usr/bin/mpicc
configure:3092: result: mpicc
configure:3254: checking for mpxlC
configure:3284: result: no
configure:3254: checking for mpixlcxx
configure:3284: result: no
configure:3254: checking for mpiicpc
configure:3284: result: no
configure:3254: checking for mpiCC
configure:3270: found /usr/bin/mpiCC
configure:3281: result: mpiCC
configure:3443: checking for mpxlf
configure:3473: result: no
configure:3443: checking for mpixlf77
configure:3473: result: no
configure:3443: checking for mpiifort
configure:3473: result: no
configure:3443: checking for mpif77
configure:3459: found /usr/bin/mpif77
configure:3470: result: mpif77
configure:3490: checking whether make sets $(MAKE)
configure:3512: result: yes
configure:3564: checking for ranlib
configure:3580: found /usr/bin/ranlib
configure:3591: result: ranlib
configure:3923: checking for C compiler version
configure:3931: mpicc --version >&5
gcc (Ubuntu 5.2.1-22ubuntu2) 5.2.1 20151010
Copyright (C) 2015 Free Software Foundation, Inc.
This is free software; see the source for copying conditions.  There is NO
warranty; not even for MERCHANTABILITY or FITNESS FOR A PARTICULAR PURPOSE.

configure:3935: $? = 0
configure:3942: mpicc -v >&5
mpicc for MPICH version 3.1
Using built-in specs.
COLLECT_GCC=gcc
COLLECT_LTO_WRAPPER=/usr/lib/gcc/x86_64-linux-gnu/5/lto-wrapper
Target: x86_64-linux-gnu
Configured with: ../src/configure -v --with-pkgversion='Ubuntu 5.2.1-22ubuntu2' --with-bugurl=file:///usr/share/doc/gcc-5/README.Bugs --enable-languages=c,ada,c++,java,go,d,fortran,objc,obj-c++ --prefix=/usr --program-suffix=-5 --enable-shared --enable-linker-build-id --libexecdir=/usr/lib --without-included-gettext --enable-threads=posix --libdir=/usr/lib --enable-nls --with-sysroot=/ --enable-clocale=gnu --enable-libstdcxx-debug --enable-libstdcxx-time=yes --with-default-libstdcxx-abi=new --enable-gnu-unique-object --disable-vtable-verify --enable-libmpx --enable-plugin --with-system-zlib --disable-browser-plugin --enable-java-awt=gtk --enable-gtk-cairo --with-java-home=/usr/lib/jvm/java-1.5.0-gcj-5-amd64/jre --enable-java-home --with-jvm-root-dir=/usr/lib/jvm/java-1.5.0-gcj-5-amd64 --with-jvm-jar-dir=/usr/lib/jvm-exports/java-1.5.0-gcj-5-amd64 --with-arch-directory=amd64 --with-ecj-jar=/usr/share/java/eclipse-ecj.jar --enable-objc-gc --enable-multiarch --disable-werror --with-arch-32=i686 --with-abi=m64 --with-multilib-list=m32,m64,mx32 --enable-multilib --with-tune=generic --enable-checking=release --build=x86_64-linux-gnu --host=x86_64-linux-gnu --target=x86_64-linux-gnu
Thread model: posix
gcc version 5.2.1 20151010 (Ubuntu 5.2.1-22ubuntu2) 
configure:3946: $? = 0
configure:3953: mpicc -V >&5
gcc: error: unrecognized command line option '-V'
configure:3957: $? = 1
configure:3980: checking for C compiler default output file name
configure:4002: mpicc    conftest.c  >&5
configure:4006: $? = 0
configure:4044: result: a.out
configure:4063: checking whether the C compiler works
configure:4073: ./a.out
configure:4077: $? = 0
configure:4096: result: yes
configure:4103: checking whether we are cross compiling
configure:4105: result: no
configure:4108: checking for suffix of executables
configure:4115: mpicc -o conftest    conftest.c  >&5
configure:4119: $? = 0
configure:4145: result: 
configure:4151: checking for suffix of object files
configure:4177: mpicc -c   conftest.c >&5
configure:4181: $? = 0
configure:4206: result: o
configure:4210: checking whether we are using the GNU C compiler
configure:4239: mpicc -c   conftest.c >&5
configure:4246: $? = 0
configure:4263: result: yes
configure:4272: checking whether mpicc accepts -g
configure:4302: mpicc -c -g  conftest.c >&5
configure:4309: $? = 0
configure:4410: result: yes
configure:4427: checking for mpicc option to accept ISO C89
configure:4501: mpicc  -c -g -O2  conftest.c >&5
configure:4508: $? = 0
configure:4531: result: none needed
configure:4665: checking for C++ compiler version
configure:4673: mpiCC --version >&5
g++ (Ubuntu 5.2.1-22ubuntu2) 5.2.1 20151010
Copyright (C) 2015 Free Software Foundation, Inc.
This is free software; see the source for copying conditions.  There is NO
warranty; not even for MERCHANTABILITY or FITNESS FOR A PARTICULAR PURPOSE.

configure:4677: $? = 0
configure:4684: mpiCC -v >&5
mpicxx for MPICH version 3.1
Using built-in specs.
COLLECT_GCC=g++
COLLECT_LTO_WRAPPER=/usr/lib/gcc/x86_64-linux-gnu/5/lto-wrapper
Target: x86_64-linux-gnu
Configured with: ../src/configure -v --with-pkgversion='Ubuntu 5.2.1-22ubuntu2' --with-bugurl=file:///usr/share/doc/gcc-5/README.Bugs --enable-languages=c,ada,c++,java,go,d,fortran,objc,obj-c++ --prefix=/usr --program-suffix=-5 --enable-shared --enable-linker-build-id --libexecdir=/usr/lib --without-included-gettext --enable-threads=posix --libdir=/usr/lib --enable-nls --with-sysroot=/ --enable-clocale=gnu --enable-libstdcxx-debug --enable-libstdcxx-time=yes --with-default-libstdcxx-abi=new --enable-gnu-unique-object --disable-vtable-verify --enable-libmpx --enable-plugin --with-system-zlib --disable-browser-plugin --enable-java-awt=gtk --enable-gtk-cairo --with-java-home=/usr/lib/jvm/java-1.5.0-gcj-5-amd64/jre --enable-java-home --with-jvm-root-dir=/usr/lib/jvm/java-1.5.0-gcj-5-amd64 --with-jvm-jar-dir=/usr/lib/jvm-exports/java-1.5.0-gcj-5-amd64 --with-arch-directory=amd64 --with-ecj-jar=/usr/share/java/eclipse-ecj.jar --enable-objc-gc --enable-multiarch --disable-werror --with-arch-32=i686 --with-abi=m64 --with-multilib-list=m32,m64,mx32 --enable-multilib --with-tune=generic --enable-checking=release --build=x86_64-linux-gnu --host=x86_64-linux-gnu --target=x86_64-linux-gnu
Thread model: posix
gcc version 5.2.1 20151010 (Ubuntu 5.2.1-22ubuntu2) 
configure:4688: $? = 0
configure:4695: mpiCC -V >&5
g++: error: unrecognized command line option '-V'
configure:4699: $? = 1
configure:4702: checking whether we are using the GNU C++ compiler
configure:4731: mpiCC -c   conftest.cpp >&5
configure:4738: $? = 0
configure:4755: result: yes
configure:4764: checking whether mpiCC accepts -g
configure:4794: mpiCC -c -g  conftest.cpp >&5
configure:4801: $? = 0
configure:4902: result: yes
configure:5035: checking for Fortran 77 compiler version
configure:5043: mpif77 --version >&5
GNU Fortran (Ubuntu 5.2.1-22ubuntu2) 5.2.1 20151010
Copyright (C) 2015 Free Software Foundation, Inc.

GNU Fortran comes with NO WARRANTY, to the extent permitted by law.
You may redistribute copies of GNU Fortran
under the terms of the GNU General Public License.
For more information about these matters, see the file named COPYING

configure:5047: $? = 0
configure:5054: mpif77 -v >&5
mpif77 for MPICH version 3.1
Using built-in specs.
COLLECT_GCC=gfortran
COLLECT_LTO_WRAPPER=/usr/lib/gcc/x86_64-linux-gnu/5/lto-wrapper
Target: x86_64-linux-gnu
Configured with: ../src/configure -v --with-pkgversion='Ubuntu 5.2.1-22ubuntu2' --with-bugurl=file:///usr/share/doc/gcc-5/README.Bugs --enable-languages=c,ada,c++,java,go,d,fortran,objc,obj-c++ --prefix=/usr --program-suffix=-5 --enable-shared --enable-linker-build-id --libexecdir=/usr/lib --without-included-gettext --enable-threads=posix --libdir=/usr/lib --enable-nls --with-sysroot=/ --enable-clocale=gnu --enable-libstdcxx-debug --enable-libstdcxx-time=yes --with-default-libstdcxx-abi=new --enable-gnu-unique-object --disable-vtable-verify --enable-libmpx --enable-plugin --with-system-zlib --disable-browser-plugin --enable-java-awt=gtk --enable-gtk-cairo --with-java-home=/usr/lib/jvm/java-1.5.0-gcj-5-amd64/jre --enable-java-home --with-jvm-root-dir=/usr/lib/jvm/java-1.5.0-gcj-5-amd64 --with-jvm-jar-dir=/usr/lib/jvm-exports/java-1.5.0-gcj-5-amd64 --with-arch-directory=amd64 --with-ecj-jar=/usr/share/java/eclipse-ecj.jar --enable-objc-gc --enable-multiarch --disable-werror --with-arch-32=i686 --with-abi=m64 --with-multilib-list=m32,m64,mx32 --enable-multilib --with-tune=generic --enable-checking=release --build=x86_64-linux-gnu --host=x86_64-linux-gnu --target=x86_64-linux-gnu
Thread model: posix
gcc version 5.2.1 20151010 (Ubuntu 5.2.1-22ubuntu2) 
configure:5058: $? = 0
configure:5065: mpif77 -V >&5
gfortran: error: unrecognized command line option '-V'
configure:5069: $? = 1
configure:5077: checking whether we are using the GNU Fortran 77 compiler
configure:5096: mpif77 -c  conftest.F >&5
configure:5103: $? = 0
configure:5120: result: yes
configure:5126: checking whether mpif77 accepts -g
configure:5143: mpif77 -c -g conftest.f >&5
configure:5150: $? = 0
configure:5166: result: yes
configure:5200: checking how to get verbose linking output from mpif77
configure:5216: mpif77 -c -g -O2 conftest.f >&5
configure:5223: $? = 0
configure:5245: mpif77 -o conftest -g -O2 -v conftest.f
mpif77 for MPICH version 3.1
Using built-in specs.
Target: x86_64-linux-gnu
Configured with: ../src/configure -v --with-pkgversion='Ubuntu 5.2.1-22ubuntu2' --with-bugurl=file:///usr/share/doc/gcc-5/README.Bugs --enable-languages=c,ada,c++,java,go,d,fortran,objc,obj-c++ --prefix=/usr --program-suffix=-5 --enable-shared --enable-linker-build-id --libexecdir=/usr/lib --without-included-gettext --enable-threads=posix --libdir=/usr/lib --enable-nls --with-sysroot=/ --enable-clocale=gnu --enable-libstdcxx-debug --enable-libstdcxx-time=yes --with-default-libstdcxx-abi=new --enable-gnu-unique-object --disable-vtable-verify --enable-libmpx --enable-plugin --with-system-zlib --disable-browser-plugin --enable-java-awt=gtk --enable-gtk-cairo --with-java-home=/usr/lib/jvm/java-1.5.0-gcj-5-amd64/jre --enable-java-home --with-jvm-root-dir=/usr/lib/jvm/java-1.5.0-gcj-5-amd64 --with-jvm-jar-dir=/usr/lib/jvm-exports/java-1.5.0-gcj-5-amd64 --with-arch-directory=amd64 --with-ecj-jar=/usr/share/java/eclipse-ecj.jar --enable-objc-gc --enable-multiarch --disable-werror --with-arch-32=i686 --with-abi=m64 --with-multilib-list=m32,m64,mx32 --enable-multilib --with-tune=generic --enable-checking=release --build=x86_64-linux-gnu --host=x86_64-linux-gnu --target=x86_64-linux-gnu
Thread model: posix
gcc version 5.2.1 20151010 (Ubuntu 5.2.1-22ubuntu2) 
 /usr/lib/gcc/x86_64-linux-gnu/5/f951 conftest.f -ffixed-form -I /usr/include/mpich -quiet -dumpbase conftest.f -mtune=generic -march=x86-64 -auxbase conftest -g -g -O2 -O2 -version -fstack-protector-strong -fintrinsic-modules-path /usr/lib/gcc/x86_64-linux-gnu/5/finclude -o /tmp/cchE6FLc.s
GNU Fortran (Ubuntu 5.2.1-22ubuntu2) version 5.2.1 20151010 (x86_64-linux-gnu)
	compiled by GNU C version 5.2.1 20151010, GMP version 6.0.0, MPFR version 3.1.3, MPC version 1.0.3
GGC heuristics: --param ggc-min-expand=100 --param ggc-min-heapsize=131072
GNU Fortran2008 (Ubuntu 5.2.1-22ubuntu2) version 5.2.1 20151010 (x86_64-linux-gnu)
	compiled by GNU C version 5.2.1 20151010, GMP version 6.0.0, MPFR version 3.1.3, MPC version 1.0.3
GGC heuristics: --param ggc-min-expand=100 --param ggc-min-heapsize=131072
 as -v -I /usr/include/mpich --64 -o /tmp/ccl1v3kO.o /tmp/cchE6FLc.s
GNU assembler version 2.25.1 (x86_64-linux-gnu) using BFD version (GNU Binutils for Ubuntu) 2.25.1
Reading specs from /usr/lib/gcc/x86_64-linux-gnu/5/libgfortran.spec
rename spec lib to liborig
 /usr/lib/gcc/x86_64-linux-gnu/5/collect2 -plugin /usr/lib/gcc/x86_64-linux-gnu/5/liblto_plugin.so -plugin-opt=/usr/lib/gcc/x86_64-linux-gnu/5/lto-wrapper -plugin-opt=-fresolution=/tmp/ccTByOZp.res -plugin-opt=-pass-through=-lgcc_s -plugin-opt=-pass-through=-lgcc -plugin-opt=-pass-through=-lquadmath -plugin-opt=-pass-through=-lm -plugin-opt=-pass-through=-lgcc_s -plugin-opt=-pass-through=-lgcc -plugin-opt=-pass-through=-lc -plugin-opt=-pass-through=-lgcc_s -plugin-opt=-pass-through=-lgcc --sysroot=/ --build-id --eh-frame-hdr -m elf_x86_64 --hash-style=gnu --as-needed -dynamic-linker /lib64/ld-linux-x86-64.so.2 -z relro -o conftest /usr/lib/gcc/x86_64-linux-gnu/5/../../../x86_64-linux-gnu/crt1.o /usr/lib/gcc/x86_64-linux-gnu/5/../../../x86_64-linux-gnu/crti.o /usr/lib/gcc/x86_64-linux-gnu/5/crtbegin.o -L/usr/lib/x86_64-linux-gnu -L/usr/lib/gcc/x86_64-linux-gnu/5 -L/usr/lib/gcc/x86_64-linux-gnu/5/../../../x86_64-linux-gnu -L/usr/lib/gcc/x86_64-linux-gnu/5/../../../../lib -L/lib/x86_64-linux-gnu -L/lib/../lib -L/usr/lib/x86_64-linux-gnu -L/usr/lib/../lib -L/usr/lib/gcc/x86_64-linux-gnu/5/../../.. -Bsymbolic-functions -z relro /tmp/ccl1v3kO.o -lmpich -lopa -lmpl -lrt -lcr -lpthread -lgfortran -lm -lgcc_s -lgcc -lquadmath -lm -lgcc_s -lgcc -lc -lgcc_s -lgcc /usr/lib/gcc/x86_64-linux-gnu/5/crtend.o /usr/lib/gcc/x86_64-linux-gnu/5/../../../x86_64-linux-gnu/crtn.o
configure:5314: result: -v
configure:5316: checking for Fortran 77 libraries of mpif77
configure:5339: mpif77 -o conftest -g -O2 -v conftest.f
mpif77 for MPICH version 3.1
Using built-in specs.
Target: x86_64-linux-gnu
Configured with: ../src/configure -v --with-pkgversion='Ubuntu 5.2.1-22ubuntu2' --with-bugurl=file:///usr/share/doc/gcc-5/README.Bugs --enable-languages=c,ada,c++,java,go,d,fortran,objc,obj-c++ --prefix=/usr --program-suffix=-5 --enable-shared --enable-linker-build-id --libexecdir=/usr/lib --without-included-gettext --enable-threads=posix --libdir=/usr/lib --enable-nls --with-sysroot=/ --enable-clocale=gnu --enable-libstdcxx-debug --enable-libstdcxx-time=yes --with-default-libstdcxx-abi=new --enable-gnu-unique-object --disable-vtable-verify --enable-libmpx --enable-plugin --with-system-zlib --disable-browser-plugin --enable-java-awt=gtk --enable-gtk-cairo --with-java-home=/usr/lib/jvm/java-1.5.0-gcj-5-amd64/jre --enable-java-home --with-jvm-root-dir=/usr/lib/jvm/java-1.5.0-gcj-5-amd64 --with-jvm-jar-dir=/usr/lib/jvm-exports/java-1.5.0-gcj-5-amd64 --with-arch-directory=amd64 --with-ecj-jar=/usr/share/java/eclipse-ecj.jar --enable-objc-gc --enable-multiarch --disable-werror --with-arch-32=i686 --with-abi=m64 --with-multilib-list=m32,m64,mx32 --enable-multilib --with-tune=generic --enable-checking=release --build=x86_64-linux-gnu --host=x86_64-linux-gnu --target=x86_64-linux-gnu
Thread model: posix
gcc version 5.2.1 20151010 (Ubuntu 5.2.1-22ubuntu2) 
 /usr/lib/gcc/x86_64-linux-gnu/5/f951 conftest.f -ffixed-form -I /usr/include/mpich -quiet -dumpbase conftest.f -mtune=generic -march=x86-64 -auxbase conftest -g -g -O2 -O2 -version -fstack-protector-strong -fintrinsic-modules-path /usr/lib/gcc/x86_64-linux-gnu/5/finclude -o /tmp/ccZkbhFe.s
GNU Fortran (Ubuntu 5.2.1-22ubuntu2) version 5.2.1 20151010 (x86_64-linux-gnu)
	compiled by GNU C version 5.2.1 20151010, GMP version 6.0.0, MPFR version 3.1.3, MPC version 1.0.3
GGC heuristics: --param ggc-min-expand=100 --param ggc-min-heapsize=131072
GNU Fortran2008 (Ubuntu 5.2.1-22ubuntu2) version 5.2.1 20151010 (x86_64-linux-gnu)
	compiled by GNU C version 5.2.1 20151010, GMP version 6.0.0, MPFR version 3.1.3, MPC version 1.0.3
GGC heuristics: --param ggc-min-expand=100 --param ggc-min-heapsize=131072
 as -v -I /usr/include/mpich --64 -o /tmp/ccw0ZOsQ.o /tmp/ccZkbhFe.s
GNU assembler version 2.25.1 (x86_64-linux-gnu) using BFD version (GNU Binutils for Ubuntu) 2.25.1
Reading specs from /usr/lib/gcc/x86_64-linux-gnu/5/libgfortran.spec
rename spec lib to liborig
 /usr/lib/gcc/x86_64-linux-gnu/5/collect2 -plugin /usr/lib/gcc/x86_64-linux-gnu/5/liblto_plugin.so -plugin-opt=/usr/lib/gcc/x86_64-linux-gnu/5/lto-wrapper -plugin-opt=-fresolution=/tmp/ccS4R2gs.res -plugin-opt=-pass-through=-lgcc_s -plugin-opt=-pass-through=-lgcc -plugin-opt=-pass-through=-lquadmath -plugin-opt=-pass-through=-lm -plugin-opt=-pass-through=-lgcc_s -plugin-opt=-pass-through=-lgcc -plugin-opt=-pass-through=-lc -plugin-opt=-pass-through=-lgcc_s -plugin-opt=-pass-through=-lgcc --sysroot=/ --build-id --eh-frame-hdr -m elf_x86_64 --hash-style=gnu --as-needed -dynamic-linker /lib64/ld-linux-x86-64.so.2 -z relro -o conftest /usr/lib/gcc/x86_64-linux-gnu/5/../../../x86_64-linux-gnu/crt1.o /usr/lib/gcc/x86_64-linux-gnu/5/../../../x86_64-linux-gnu/crti.o /usr/lib/gcc/x86_64-linux-gnu/5/crtbegin.o -L/usr/lib/x86_64-linux-gnu -L/usr/lib/gcc/x86_64-linux-gnu/5 -L/usr/lib/gcc/x86_64-linux-gnu/5/../../../x86_64-linux-gnu -L/usr/lib/gcc/x86_64-linux-gnu/5/../../../../lib -L/lib/x86_64-linux-gnu -L/lib/../lib -L/usr/lib/x86_64-linux-gnu -L/usr/lib/../lib -L/usr/lib/gcc/x86_64-linux-gnu/5/../../.. -Bsymbolic-functions -z relro /tmp/ccw0ZOsQ.o -lmpich -lopa -lmpl -lrt -lcr -lpthread -lgfortran -lm -lgcc_s -lgcc -lquadmath -lm -lgcc_s -lgcc -lc -lgcc_s -lgcc /usr/lib/gcc/x86_64-linux-gnu/5/crtend.o /usr/lib/gcc/x86_64-linux-gnu/5/../../../x86_64-linux-gnu/crtn.o
configure:5516: result:  -L/usr/lib/x86_64-linux-gnu -L/usr/lib/gcc/x86_64-linux-gnu/5 -L/usr/lib/gcc/x86_64-linux-gnu/5/../../../x86_64-linux-gnu -L/usr/lib/gcc/x86_64-linux-gnu/5/../../../../lib -L/lib/x86_64-linux-gnu -L/lib/../lib -L/usr/lib/../lib -L/usr/lib/gcc/x86_64-linux-gnu/5/../../.. -lmpich -lopa -lmpl -lrt -lcr -lpthread -lgfortran -lm -lquadmath
configure:5533: checking for dummy main to link with Fortran 77 libraries
configure:5577: mpicc -o conftest -g -O2   conftest.c   -L/usr/lib/x86_64-linux-gnu -L/usr/lib/gcc/x86_64-linux-gnu/5 -L/usr/lib/gcc/x86_64-linux-gnu/5/../../../x86_64-linux-gnu -L/usr/lib/gcc/x86_64-linux-gnu/5/../../../../lib -L/lib/x86_64-linux-gnu -L/lib/../lib -L/usr/lib/../lib -L/usr/lib/gcc/x86_64-linux-gnu/5/../../.. -lmpich -lopa -lmpl -lrt -lcr -lpthread -lgfortran -lm -lquadmath >&5
configure:5584: $? = 0
configure:5672: result: none
configure:5711: checking for Fortran 77 name-mangling scheme
configure:5730: mpif77 -c -g -O2 conftest.f >&5
configure:5737: $? = 0
configure:5792: mpicc -o conftest -g -O2   conftest.c cfortran_test.o   -L/usr/lib/x86_64-linux-gnu -L/usr/lib/gcc/x86_64-linux-gnu/5 -L/usr/lib/gcc/x86_64-linux-gnu/5/../../../x86_64-linux-gnu -L/usr/lib/gcc/x86_64-linux-gnu/5/../../../../lib -L/lib/x86_64-linux-gnu -L/lib/../lib -L/usr/lib/../lib -L/usr/lib/gcc/x86_64-linux-gnu/5/../../.. -lmpich -lopa -lmpl -lrt -lcr -lpthread -lgfortran -lm -lquadmath >&5
/tmp/ccAwVnH0.o: In function `main':
/home/labuser/Documents/hypre-2.10.1/src/conftest.c:36: undefined reference to `foobar'
collect2: error: ld returned 1 exit status
configure:5799: $? = 1
configure: failed program was:
| /* confdefs.h.  */
| #define PACKAGE_NAME "hypre"
| #define PACKAGE_TARNAME "hypre"
| #define PACKAGE_VERSION "2.10.1"
| #define PACKAGE_STRING "hypre 2.10.1"
| #define PACKAGE_BUGREPORT ""
| #define HYPRE_RELEASE_NAME "hypre"
| #define HYPRE_RELEASE_VERSION "2.10.1"
| #define HYPRE_RELEASE_DATE "2015/09/11"
| #define HYPRE_RELEASE_TIME "00:00:00"
| #define HYPRE_RELEASE_BUGS "hypre-support@llnl.gov"
| #define HYPRE_MAXDIM 3
| #define HYPRE_FMANGLE 0
| #define HYPRE_FMANGLE_BLAS 0
| #define HYPRE_FMANGLE_LAPACK 0
| /* end confdefs.h.  */
| 
| /* Override any GCC internal prototype to avoid an error.
|    Use char because int might match the return type of a GCC
|    builtin and then its argument prototype would still apply.  */
| #ifdef __cplusplus
| extern "C"
| #endif
| char foobar ();
| #ifdef F77_DUMMY_MAIN
| 
| #  ifdef __cplusplus
|      extern "C"
| #  endif
|    int F77_DUMMY_MAIN() { return 1; }
| 
| #endif
| int
| main ()
| {
| return foobar ();
|   ;
|   return 0;
| }
configure:5792: mpicc -o conftest -g -O2   conftest.c cfortran_test.o   -L/usr/lib/x86_64-linux-gnu -L/usr/lib/gcc/x86_64-linux-gnu/5 -L/usr/lib/gcc/x86_64-linux-gnu/5/../../../x86_64-linux-gnu -L/usr/lib/gcc/x86_64-linux-gnu/5/../../../../lib -L/lib/x86_64-linux-gnu -L/lib/../lib -L/usr/lib/../lib -L/usr/lib/gcc/x86_64-linux-gnu/5/../../.. -lmpich -lopa -lmpl -lrt -lcr -lpthread -lgfortran -lm -lquadmath >&5
configure:5799: $? = 0
configure:5881: mpicc -o conftest -g -O2   conftest.c cfortran_test.o   -L/usr/lib/x86_64-linux-gnu -L/usr/lib/gcc/x86_64-linux-gnu/5 -L/usr/lib/gcc/x86_64-linux-gnu/5/../../../x86_64-linux-gnu -L/usr/lib/gcc/x86_64-linux-gnu/5/../../../../lib -L/lib/x86_64-linux-gnu -L/lib/../lib -L/usr/lib/../lib -L/usr/lib/gcc/x86_64-linux-gnu/5/../../.. -lmpich -lopa -lmpl -lrt -lcr -lpthread -lgfortran -lm -lquadmath >&5
configure:5888: $? = 0
configure:5951: result: lower case, underscore, no extra underscore
configure:6063: checking for MPI_Init
configure:6127: mpicc -o conftest -g -O2   conftest.c  >&5
configure:6134: $? = 0
configure:6154: result: yes
configure:6323: checking for mpi.h
configure:6354: mpicc -c -g -O2  conftest.c >&5
configure:6361: $? = 0
configure:6366: result: yes
configure:6400: checking for MPI_Comm_f2c
configure:6464: mpicc -o conftest -g -O2   conftest.c    >&5
/tmp/ccm6Mm3f.o: In function `main':
/home/labuser/Documents/hypre-2.10.1/src/conftest.c:62: undefined reference to `MPI_Comm_f2c'
collect2: error: ld returned 1 exit status
configure:6471: $? = 1
configure: failed program was:
| /* confdefs.h.  */
| #define PACKAGE_NAME "hypre"
| #define PACKAGE_TARNAME "hypre"
| #define PACKAGE_VERSION "2.10.1"
| #define PACKAGE_STRING "hypre 2.10.1"
| #define PACKAGE_BUGREPORT ""
| #define HYPRE_RELEASE_NAME "hypre"
| #define HYPRE_RELEASE_VERSION "2.10.1"
| #define HYPRE_RELEASE_DATE "2015/09/11"
| #define HYPRE_RELEASE_TIME "00:00:00"
| #define HYPRE_RELEASE_BUGS "hypre-support@llnl.gov"
| #define HYPRE_MAXDIM 3
| #define HYPRE_FMANGLE 0
| #define HYPRE_FMANGLE_BLAS 0
| #define HYPRE_FMANGLE_LAPACK 0
| #define F77_FUNC(name,NAME) name ## _
| #define F77_FUNC_(name,NAME) name ## _
| #define HYPRE_HAVE_MPI 1
| /* end confdefs.h.  */
| /* Define MPI_Comm_f2c to an innocuous variant, in case <limits.h> declares MPI_Comm_f2c.
|    For example, HP-UX 11i <limits.h> declares gettimeofday.  */
| #define MPI_Comm_f2c innocuous_MPI_Comm_f2c
| 
| /* System header to define __stub macros and hopefully few prototypes,
|     which can conflict with char MPI_Comm_f2c (); below.
|     Prefer <limits.h> to <assert.h> if __STDC__ is defined, since
|     <limits.h> exists even on freestanding compilers.  */
| 
| #ifdef __STDC__
| # include <limits.h>
| #else
| # include <assert.h>
| #endif
| 
| #undef MPI_Comm_f2c
| 
| /* Override any GCC internal prototype to avoid an error.
|    Use char because int might match the return type of a GCC
|    builtin and then its argument prototype would still apply.  */
| #ifdef __cplusplus
| extern "C"
| #endif
| char MPI_Comm_f2c ();
| /* The GNU C library defines this for functions which it implements
|     to always fail with ENOSYS.  Some functions are actually named
|     something starting with __ and the normal name is an alias.  */
| #if defined __stub_MPI_Comm_f2c || defined __stub___MPI_Comm_f2c
| choke me
| #endif
| 
| #ifdef F77_DUMMY_MAIN
| 
| #  ifdef __cplusplus
|      extern "C"
| #  endif
|    int F77_DUMMY_MAIN() { return 1; }
| 
| #endif
| int
| main ()
| {
| return MPI_Comm_f2c ();
|   ;
|   return 0;
| }
configure:6493: result: no
configure:6510: checking how to run the C preprocessor
configure:6550: mpicc -E  conftest.c
configure:6557: $? = 0
configure:6588: mpicc -E  conftest.c
conftest.c:20:28: fatal error: ac_nonexistent.h: No such file or directory
compilation terminated.
configure:6595: $? = 1
configure: failed program was:
| /* confdefs.h.  */
| #define PACKAGE_NAME "hypre"
| #define PACKAGE_TARNAME "hypre"
| #define PACKAGE_VERSION "2.10.1"
| #define PACKAGE_STRING "hypre 2.10.1"
| #define PACKAGE_BUGREPORT ""
| #define HYPRE_RELEASE_NAME "hypre"
| #define HYPRE_RELEASE_VERSION "2.10.1"
| #define HYPRE_RELEASE_DATE "2015/09/11"
| #define HYPRE_RELEASE_TIME "00:00:00"
| #define HYPRE_RELEASE_BUGS "hypre-support@llnl.gov"
| #define HYPRE_MAXDIM 3
| #define HYPRE_FMANGLE 0
| #define HYPRE_FMANGLE_BLAS 0
| #define HYPRE_FMANGLE_LAPACK 0
| #define F77_FUNC(name,NAME) name ## _
| #define F77_FUNC_(name,NAME) name ## _
| #define HYPRE_HAVE_MPI 1
| /* end confdefs.h.  */
| #include <ac_nonexistent.h>
configure:6628: result: mpicc -E
configure:6657: mpicc -E  conftest.c
configure:6664: $? = 0
configure:6695: mpicc -E  conftest.c
conftest.c:20:28: fatal error: ac_nonexistent.h: No such file or directory
compilation terminated.
configure:6702: $? = 1
configure: failed program was:
| /* confdefs.h.  */
| #define PACKAGE_NAME "hypre"
| #define PACKAGE_TARNAME "hypre"
| #define PACKAGE_VERSION "2.10.1"
| #define PACKAGE_STRING "hypre 2.10.1"
| #define PACKAGE_BUGREPORT ""
| #define HYPRE_RELEASE_NAME "hypre"
| #define HYPRE_RELEASE_VERSION "2.10.1"
| #define HYPRE_RELEASE_DATE "2015/09/11"
| #define HYPRE_RELEASE_TIME "00:00:00"
| #define HYPRE_RELEASE_BUGS "hypre-support@llnl.gov"
| #define HYPRE_MAXDIM 3
| #define HYPRE_FMANGLE 0
| #define HYPRE_FMANGLE_BLAS 0
| #define HYPRE_FMANGLE_LAPACK 0
| #define F77_FUNC(name,NAME) name ## _
| #define F77_FUNC_(name,NAME) name ## _
| #define HYPRE_HAVE_MPI 1
| /* end confdefs.h.  */
| #include <ac_nonexistent.h>
configure:6742: checking for grep that handles long lines and -e
configure:6802: result: /bin/grep
configure:6807: checking for egrep
configure:6871: result: /bin/grep -E
configure:6876: checking whether MPI_Comm_f2c is a macro
configure:6902: result: yes
configure:7451: checking for __gxx_personality_v0 in -lstdc++
configure:7494: mpicc -o conftest -g -O2   conftest.c -lstdc++     >&5
configure:7501: $? = 0
configure:7522: result: yes
configure:7835: checking for cabs in -lm
configure:7878: mpicc -o conftest -O2   conftest.c -lm     -lstdc++ >&5
conftest.c:31:6: warning: conflicting types for built-in function 'cabs'
 char cabs ();
      ^
configure:7885: $? = 0
configure:7906: result: yes
configure:7921: checking the hostname
configure:7932: result: labuser-Precision-T1700
configure:7936: checking the architecture
configure:7967: result: LINUX
configure:8208: creating ./config.status

## ---------------------- ##
## Running config.status. ##
## ---------------------- ##

This file was extended by hypre config.status 2.10.1, which was
generated by GNU Autoconf 2.63.  Invocation command line was

  CONFIG_FILES    = 
  CONFIG_HEADERS  = 
  CONFIG_LINKS    = 
  CONFIG_COMMANDS = 
  $ ./config.status 

on labuser-Precision-T1700

config.status:797: creating config/Makefile.config
config.status:797: creating HYPRE_config.h

## ---------------- ##
## Cache variables. ##
## ---------------- ##

ac_cv_build=x86_64-unknown-linux-gnu
ac_cv_c_compiler_gnu=yes
ac_cv_cxx_compiler_gnu=yes
ac_cv_env_CCC_set=
ac_cv_env_CCC_value=
ac_cv_env_CC_set=
ac_cv_env_CC_value=
ac_cv_env_CFLAGS_set=
ac_cv_env_CFLAGS_value=
ac_cv_env_CPPFLAGS_set=
ac_cv_env_CPPFLAGS_value=
ac_cv_env_CPP_set=
ac_cv_env_CPP_value=
ac_cv_env_CXXFLAGS_set=
ac_cv_env_CXXFLAGS_value=
ac_cv_env_CXX_set=
ac_cv_env_CXX_value=
ac_cv_env_F77_set=
ac_cv_env_F77_value=
ac_cv_env_FFLAGS_set=
ac_cv_env_FFLAGS_value=
ac_cv_env_LDFLAGS_set=
ac_cv_env_LDFLAGS_value=
ac_cv_env_LIBS_set=
ac_cv_env_LIBS_value=
ac_cv_env_build_alias_set=
ac_cv_env_build_alias_value=
ac_cv_env_host_alias_set=
ac_cv_env_host_alias_value=
ac_cv_env_target_alias_set=
ac_cv_env_target_alias_value=
ac_cv_f77_compiler_gnu=yes
ac_cv_f77_dummy_main=none
ac_cv_f77_libs=' -L/usr/lib/x86_64-linux-gnu -L/usr/lib/gcc/x86_64-linux-gnu/5 -L/usr/lib/gcc/x86_64-linux-gnu/5/../../../x86_64-linux-gnu -L/usr/lib/gcc/x86_64-linux-gnu/5/../../../../lib -L/lib/x86_64-linux-gnu -L/lib/../lib -L/usr/lib/../lib -L/usr/lib/gcc/x86_64-linux-gnu/5/../../.. -lmpich -lopa -lmpl -lrt -lcr -lpthread -lgfortran -lm -lquadmath'
ac_cv_f77_mangling='lower case, underscore, no extra underscore'
ac_cv_fortran_dummy_main=none
ac_cv_func_MPI_Comm_f2c=no
ac_cv_func_MPI_Init=yes
ac_cv_host=x86_64-unknown-linux-gnu
ac_cv_lib_m_cabs=yes
ac_cv_lib_stdcpp___gxx_personality_v0=yes
ac_cv_objext=o
ac_cv_path_EGREP='/bin/grep -E'
ac_cv_path_GREP=/bin/grep
ac_cv_prog_CC=mpicc
ac_cv_prog_CPP='mpicc -E'
ac_cv_prog_CXX=mpiCC
ac_cv_prog_F77=mpif77
ac_cv_prog_ac_ct_RANLIB=ranlib
ac_cv_prog_cc_c89=
ac_cv_prog_cc_g=yes
ac_cv_prog_cxx_g=yes
ac_cv_prog_f77_g=yes
ac_cv_prog_f77_v=-v
ac_cv_prog_make_make_set=yes
hypre_cv_func_MPI_Comm_f2c_macro=yes

## ----------------- ##
## Output variables. ##
## ----------------- ##

AR='ar -rcu'
BABELDIR=''
BLASLIBDIRS=''
BLASLIBS=''
BUILD_CC_SHARED=''
BUILD_CXX_SHARED=''
BUILD_F77_SHARED=''
BUILD_JAVA='0'
BUILD_PYTHON='0'
CC='mpicc'
CFLAGS='-O2'
CPP='mpicc -E'
CPPFLAGS=''
CXX='mpiCC'
CXXFLAGS='-O2'
DEFS='-DHAVE_CONFIG_H'
ECHO_C=''
ECHO_N='-n'
ECHO_T=''
EGREP='/bin/grep -E'
EXAMPLEDIR=''
EXEEXT=''
F77='mpif77'
F77FLAGS=''
FFLAGS='-O2'
FLIBS=' -L/usr/lib/x86_64-linux-gnu -L/usr/lib/gcc/x86_64-linux-gnu/5 -L/usr/lib/gcc/x86_64-linux-gnu/5/../../../x86_64-linux-gnu -L/usr/lib/gcc/x86_64-linux-gnu/5/../../../../lib -L/lib/x86_64-linux-gnu -L/lib/../lib -L/usr/lib/../lib -L/usr/lib/gcc/x86_64-linux-gnu/5/../../.. -lmpich -lopa -lmpl -lrt -lcr -lpthread -lgfortran -lm -lquadmath'
GREP='/bin/grep'
HOSTNAME='labuser-Precision-T1700'
HYPRE_ARCH='LINUX'
HYPRE_BLAS_FILES='/home/labuser/Documents/hypre-2.10.1/src/blas/*.o'
HYPRE_BLAS_SRC_DIR='/home/labuser/Documents/hypre-2.10.1/src/blas'
HYPRE_BUGS='hypre-support@llnl.gov'
HYPRE_DATE='2015/09/11'
HYPRE_FEI_BASE_DIR='/home/labuser/Documents/hypre-2.10.1/src/FEI_mv/fei-base'
HYPRE_FEI_FEMLI_FILES='/home/labuser/Documents/hypre-2.10.1/src/FEI_mv/femli/*.o'
HYPRE_FEI_HYPRE_FILES='/home/labuser/Documents/hypre-2.10.1/src/FEI_mv/fei-hypre/*.o'
HYPRE_FEI_SRC_DIR='/home/labuser/Documents/hypre-2.10.1/src/FEI_mv'
HYPRE_FEI_SUBDIRS='SuperLU femli fei-hypre'
HYPRE_FEI_SUPERLU_FILES='/home/labuser/Documents/hypre-2.10.1/src/FEI_mv/SuperLU/SRC/*.o'
HYPRE_INCINSTALL='${prefix}/include'
HYPRE_INSTALLDIR='NONE'
HYPRE_LAPACK_FILES='/home/labuser/Documents/hypre-2.10.1/src/lapack/*.o'
HYPRE_LAPACK_SRC_DIR='/home/labuser/Documents/hypre-2.10.1/src/lapack'
HYPRE_LIBINSTALL='${exec_prefix}/lib'
HYPRE_LIBSUFFIX='.a'
HYPRE_NAME='hypre'
HYPRE_SRCDIR='/home/labuser/Documents/hypre-2.10.1/src'
HYPRE_TIME='00:00:00'
HYPRE_VERSION='2.10.1'
LAPACKLIBDIRS=''
LAPACKLIBS=''
LDFLAGS=''
LIBOBJS=''
LIBS='   -lstdc++ -lm'
LINK_CC='mpicc'
LINK_CXX='mpiCC'
LINK_F77='mpif77'
LTLIBOBJS=''
MPIFLAGS=''
MPIINCLUDE=''
MPILIBDIRS=''
MPILIBS=' '
OBJEXT='o'
PACKAGE_BUGREPORT=''
PACKAGE_NAME=''
PACKAGE_STRING=''
PACKAGE_TARNAME=''
PACKAGE_VERSION=''
PATH_SEPARATOR=':'
PYTHON=''
RANLIB='ranlib'
SET_MAKE=''
SHARED_BUILD_FLAG=''
SHARED_COMPILE_FLAG=''
SHARED_OPTIONS=''
SHARED_SET_SONAME=''
SHELL='/bin/bash'
ac_ct_CC=''
ac_ct_CXX=''
ac_ct_F77=''
bindir='${exec_prefix}/bin'
build='x86_64-unknown-linux-gnu'
build_alias=''
build_cpu='x86_64'
build_os='linux-gnu'
build_vendor='unknown'
datadir='${datarootdir}'
datarootdir='${prefix}/share'
docdir='${datarootdir}/doc/${PACKAGE_TARNAME}'
dvidir='${docdir}'
exec_prefix='${prefix}'
host='x86_64-unknown-linux-gnu'
host_alias=''
host_cpu='x86_64'
host_os='linux-gnu'
host_vendor='unknown'
htmldir='${docdir}'
includedir='${prefix}/include'
infodir='${datarootdir}/info'
libdir='${exec_prefix}/lib'
libexecdir='${exec_prefix}/libexec'
localedir='${datarootdir}/locale'
localstatedir='${prefix}/var'
mandir='${datarootdir}/man'
oldincludedir='/usr/include'
pdfdir='${docdir}'
prefix='/home/labuser/Documents/hypre-2.10.1/src/hypre'
program_transform_name='s,x,x,'
psdir='${docdir}'
sbindir='${exec_prefix}/sbin'
sharedstatedir='${prefix}/com'
subdirs=''
sysconfdir='${prefix}/etc'
target_alias=''

## ----------- ##
## confdefs.h. ##
## ----------- ##

#define PACKAGE_NAME "hypre"
#define PACKAGE_TARNAME "hypre"
#define PACKAGE_VERSION "2.10.1"
#define PACKAGE_STRING "hypre 2.10.1"
#define PACKAGE_BUGREPORT ""
#define HYPRE_RELEASE_NAME "hypre"
#define HYPRE_RELEASE_VERSION "2.10.1"
#define HYPRE_RELEASE_DATE "2015/09/11"
#define HYPRE_RELEASE_TIME "00:00:00"
#define HYPRE_RELEASE_BUGS "hypre-support@llnl.gov"
#define HYPRE_MAXDIM 3
#define HYPRE_FMANGLE 0
#define HYPRE_FMANGLE_BLAS 0
#define HYPRE_FMANGLE_LAPACK 0
#define F77_FUNC(name,NAME) name ## _
#define F77_FUNC_(name,NAME) name ## _
#define HYPRE_HAVE_MPI 1
#define HYPRE_HAVE_MPI_COMM_F2C 1
#define HYPRE_NO_GLOBAL_PARTITION 1
#define HYPRE_USING_HYPRE_BLAS 1
#define HYPRE_USING_HYPRE_LAPACK 1
#define HYPRE_LINUX 1

configure: exit 0
